0 info it worked if it ends with ok
1 verbose cli [ '/usr/local/Cellar/nvm/0.11.1/v6.0.0/bin/node',
1 verbose cli   '/usr/local/opt/nvm/v6.0.0/bin/npm',
1 verbose cli   'start' ]
2 info using npm@3.8.6
3 info using node@v6.0.0
4 verbose run-script [ 'prestart', 'start', 'poststart' ]
5 info lifecycle angular2-tour-of-herous@1.0.0~prestart: angular2-tour-of-herous@1.0.0
6 silly lifecycle angular2-tour-of-herous@1.0.0~prestart: no script for prestart, continuing
7 info lifecycle angular2-tour-of-herous@1.0.0~start: angular2-tour-of-herous@1.0.0
8 verbose lifecycle angular2-tour-of-herous@1.0.0~start: unsafe-perm in lifecycle true
9 verbose lifecycle angular2-tour-of-herous@1.0.0~start: PATH: /usr/local/Cellar/nvm/0.11.1/v6.0.0/lib/node_modules/npm/bin/node-gyp-bin:/Users/slamflipstrom/Code/Angular_2/angular2-tour-of-heroes/node_modules/.bin:/usr/local/Cellar/nvm/0.11.1/v6.0.0/bin:/usr/local/opt/nvm/v6.0.0/bin:/usr/local/heroku/bin:/Users/slamflipstrom/.rvm/gems/ruby-2.1.5/bin:/Users/slamflipstrom/.rvm/gems/ruby-2.1.5@global/bin:/Users/slamflipstrom/.rvm/rubies/ruby-2.1.5/bin:/usr/local/bin:/Users/slamflipstrom/bin:/usr/local/bin:/usr/bin:/bin:/usr/sbin:/sbin:/Users/slamflipstrom/.rvm/bin:/Applications/Postgres.app/Contents/Versions/latest/bin:/usr/local/bin/elixir:/usr/local/lib/node_modules:/Users/slamflipstrom/.rvm/bin
10 verbose lifecycle angular2-tour-of-herous@1.0.0~start: CWD: /Users/slamflipstrom/Code/Angular_2/angular2-tour-of-heroes
11 silly lifecycle angular2-tour-of-herous@1.0.0~start: Args: [ '-c', 'tsc && concurrently "npm run tsc:w" "npm run lite" ' ]
12 silly lifecycle angular2-tour-of-herous@1.0.0~start: Returned: code: 2  signal: null
13 info lifecycle angular2-tour-of-herous@1.0.0~start: Failed to exec start script
14 verbose stack Error: angular2-tour-of-herous@1.0.0 start: `tsc && concurrently "npm run tsc:w" "npm run lite" `
14 verbose stack Exit status 2
14 verbose stack     at EventEmitter.<anonymous> (/usr/local/Cellar/nvm/0.11.1/v6.0.0/lib/node_modules/npm/lib/utils/lifecycle.js:239:16)
14 verbose stack     at emitTwo (events.js:106:13)
14 verbose stack     at EventEmitter.emit (events.js:191:7)
14 verbose stack     at ChildProcess.<anonymous> (/usr/local/Cellar/nvm/0.11.1/v6.0.0/lib/node_modules/npm/lib/utils/spawn.js:24:14)
14 verbose stack     at emitTwo (events.js:106:13)
14 verbose stack     at ChildProcess.emit (events.js:191:7)
14 verbose stack     at maybeClose (internal/child_process.js:850:16)
14 verbose stack     at Process.ChildProcess._handle.onexit (internal/child_process.js:215:5)
15 verbose pkgid angular2-tour-of-herous@1.0.0
16 verbose cwd /Users/slamflipstrom/Code/Angular_2/angular2-tour-of-heroes/app
17 error Darwin 15.6.0
18 error argv "/usr/local/Cellar/nvm/0.11.1/v6.0.0/bin/node" "/usr/local/opt/nvm/v6.0.0/bin/npm" "start"
19 error node v6.0.0
20 error npm  v3.8.6
21 error code ELIFECYCLE
22 error angular2-tour-of-herous@1.0.0 start: `tsc && concurrently "npm run tsc:w" "npm run lite" `
22 error Exit status 2
23 error Failed at the angular2-tour-of-herous@1.0.0 start script 'tsc && concurrently "npm run tsc:w" "npm run lite" '.
23 error Make sure you have the latest version of node.js and npm installed.
23 error If you do, this is most likely a problem with the angular2-tour-of-herous package,
23 error not with npm itself.
23 error Tell the author that this fails on your system:
23 error     tsc && concurrently "npm run tsc:w" "npm run lite"
23 error You can get information on how to open an issue for this project with:
23 error     npm bugs angular2-tour-of-herous
23 error Or if that isn't available, you can get their info via:
23 error     npm owner ls angular2-tour-of-herous
23 error There is likely additional logging output above.
24 verbose exit [ 1, true ]
